<?xml version="1.0" encoding="UTF-8"?>
<testsuite xmlns:xsi="http://www.w3.org/2001/XMLSchema-instance" xsi:noNamespaceSchemaLocation="https://maven.apache.org/surefire/maven-surefire-plugin/xsd/surefire-test-report-3.0.xsd" version="3.0" name="edu.rit.croatia.schema2script.model.JsonParserTest" time="0.829" tests="6" errors="0" skipped="0" failures="0">
  <properties>
    <property name="java.specification.version" value="17"/>
    <property name="sun.cpu.isalist" value="amd64"/>
    <property name="sun.jnu.encoding" value="Cp1252"/>
    <property name="java.class.path" value="C:\Users\reach\Desktop\GitLab\schema2script801g1\target\test-classes;C:\Users\reach\Desktop\GitLab\schema2script801g1\target\classes;C:\Users\reach\.m2\repository\com\fasterxml\jackson\core\jackson-databind\2.15.2\jackson-databind-2.15.2.jar;C:\Users\reach\.m2\repository\junit\junit\4.13.2\junit-4.13.2.jar;C:\Users\reach\.m2\repository\org\hamcrest\hamcrest-core\1.3\hamcrest-core-1.3.jar;C:\Users\reach\Desktop\GitLab\schema2script801g1\lib\byte-buddy-1.12.16.jar;C:\Users\reach\Desktop\GitLab\schema2script801g1\lib\byte-buddy-agent-1.12.16.jar;C:\Users\reach\Desktop\GitLab\schema2script801g1\lib\objenesis-3.2.jar;C:\Users\reach\Desktop\GitLab\schema2script801g1\lib\mockito-core-4.8.1.jar;C:\Users\reach\.m2\repository\com\fasterxml\jackson\core\jackson-core\2.15.2\jackson-core-2.15.2.jar;C:\Users\reach\.m2\repository\com\fasterxml\jackson\core\jackson-annotations\2.15.2\jackson-annotations-2.15.2.jar;C:\Users\reach\.m2\repository\org\apache\logging\log4j\log4j-api\2.20.0\log4j-api-2.20.0.jar;C:\Users\reach\.m2\repository\org\apache\logging\log4j\log4j-core\2.20.0\log4j-core-2.20.0.jar;C:\Users\reach\.m2\repository\org\openjfx\javafx-base\17.0.2\javafx-base-17.0.2.jar;C:\Users\reach\.m2\repository\org\openjfx\javafx-base\17.0.2\javafx-base-17.0.2-win.jar;C:\Users\reach\.m2\repository\org\openjfx\javafx-controls\17.0.2\javafx-controls-17.0.2.jar;C:\Users\reach\.m2\repository\org\openjfx\javafx-controls\17.0.2\javafx-controls-17.0.2-win.jar;C:\Users\reach\.m2\repository\org\openjfx\javafx-fxml\17.0.2\javafx-fxml-17.0.2.jar;C:\Users\reach\.m2\repository\org\openjfx\javafx-fxml\17.0.2\javafx-fxml-17.0.2-win.jar;C:\Users\reach\.m2\repository\org\openjfx\javafx-graphics\17.0.2\javafx-graphics-17.0.2.jar;C:\Users\reach\.m2\repository\org\openjfx\javafx-graphics\17.0.2\javafx-graphics-17.0.2-win.jar;"/>
    <property name="java.vm.vendor" value="Azul Systems, Inc."/>
    <property name="sun.arch.data.model" value="64"/>
    <property name="user.variant" value=""/>
    <property name="java.vendor.url" value="http://www.azul.com/"/>
    <property name="user.timezone" value="Europe/Zagreb"/>
    <property name="os.name" value="Windows 11"/>
    <property name="java.vm.specification.version" value="17"/>
    <property name="sun.java.launcher" value="SUN_STANDARD"/>
    <property name="user.country" value="US"/>
    <property name="sun.boot.library.path" value="C:\Program Files\Zulu\zulu-17\bin"/>
    <property name="sun.java.command" value="C:\Users\reach\AppData\Local\Temp\surefire2113413043472121789\surefirebooter-20241120162306007_3.jar C:\Users\reach\AppData\Local\Temp\surefire2113413043472121789 2024-11-20T16-23-05_749-jvmRun1 surefire-20241120162306007_1tmp surefire_0-20241120162306007_2tmp"/>
    <property name="jdk.debug" value="release"/>
    <property name="surefire.test.class.path" value="C:\Users\reach\Desktop\GitLab\schema2script801g1\target\test-classes;C:\Users\reach\Desktop\GitLab\schema2script801g1\target\classes;C:\Users\reach\.m2\repository\com\fasterxml\jackson\core\jackson-databind\2.15.2\jackson-databind-2.15.2.jar;C:\Users\reach\.m2\repository\junit\junit\4.13.2\junit-4.13.2.jar;C:\Users\reach\.m2\repository\org\hamcrest\hamcrest-core\1.3\hamcrest-core-1.3.jar;C:\Users\reach\Desktop\GitLab\schema2script801g1\lib\byte-buddy-1.12.16.jar;C:\Users\reach\Desktop\GitLab\schema2script801g1\lib\byte-buddy-agent-1.12.16.jar;C:\Users\reach\Desktop\GitLab\schema2script801g1\lib\objenesis-3.2.jar;C:\Users\reach\Desktop\GitLab\schema2script801g1\lib\mockito-core-4.8.1.jar;C:\Users\reach\.m2\repository\com\fasterxml\jackson\core\jackson-core\2.15.2\jackson-core-2.15.2.jar;C:\Users\reach\.m2\repository\com\fasterxml\jackson\core\jackson-annotations\2.15.2\jackson-annotations-2.15.2.jar;C:\Users\reach\.m2\repository\org\apache\logging\log4j\log4j-api\2.20.0\log4j-api-2.20.0.jar;C:\Users\reach\.m2\repository\org\apache\logging\log4j\log4j-core\2.20.0\log4j-core-2.20.0.jar;C:\Users\reach\.m2\repository\org\openjfx\javafx-base\17.0.2\javafx-base-17.0.2.jar;C:\Users\reach\.m2\repository\org\openjfx\javafx-base\17.0.2\javafx-base-17.0.2-win.jar;C:\Users\reach\.m2\repository\org\openjfx\javafx-controls\17.0.2\javafx-controls-17.0.2.jar;C:\Users\reach\.m2\repository\org\openjfx\javafx-controls\17.0.2\javafx-controls-17.0.2-win.jar;C:\Users\reach\.m2\repository\org\openjfx\javafx-fxml\17.0.2\javafx-fxml-17.0.2.jar;C:\Users\reach\.m2\repository\org\openjfx\javafx-fxml\17.0.2\javafx-fxml-17.0.2-win.jar;C:\Users\reach\.m2\repository\org\openjfx\javafx-graphics\17.0.2\javafx-graphics-17.0.2.jar;C:\Users\reach\.m2\repository\org\openjfx\javafx-graphics\17.0.2\javafx-graphics-17.0.2-win.jar;"/>
    <property name="sun.cpu.endian" value="little"/>
    <property name="user.home" value="C:\Users\reach"/>
    <property name="user.language" value="en"/>
    <property name="java.specification.vendor" value="Oracle Corporation"/>
    <property name="java.version.date" value="2024-07-16"/>
    <property name="java.home" value="C:\Program Files\Zulu\zulu-17"/>
    <property name="file.separator" value="\"/>
    <property name="basedir" value="C:\Users\reach\Desktop\GitLab\schema2script801g1"/>
    <property name="java.vm.compressedOopsMode" value="Zero based"/>
    <property name="line.separator" value="&#10;"/>
    <property name="java.vm.specification.vendor" value="Oracle Corporation"/>
    <property name="java.specification.name" value="Java Platform API Specification"/>
    <property name="surefire.real.class.path" value="C:\Users\reach\AppData\Local\Temp\surefire2113413043472121789\surefirebooter-20241120162306007_3.jar"/>
    <property name="user.script" value=""/>
    <property name="sun.management.compiler" value="HotSpot 64-Bit Tiered Compilers"/>
    <property name="java.runtime.version" value="17.0.12+7-LTS"/>
    <property name="user.name" value="reach"/>
    <property name="path.separator" value=";"/>
    <property name="os.version" value="10.0"/>
    <property name="java.runtime.name" value="OpenJDK Runtime Environment"/>
    <property name="file.encoding" value="Cp1252"/>
    <property name="java.vm.name" value="OpenJDK 64-Bit Server VM"/>
    <property name="java.vendor.version" value="Zulu17.52+17-CA"/>
    <property name="localRepository" value="C:\Users\reach\.m2\repository"/>
    <property name="java.vendor.url.bug" value="http://www.azul.com/support/"/>
    <property name="java.io.tmpdir" value="C:\Users\reach\AppData\Local\Temp\"/>
    <property name="java.version" value="17.0.12"/>
    <property name="user.dir" value="C:\Users\reach\Desktop\GitLab\schema2script801g1"/>
    <property name="os.arch" value="amd64"/>
    <property name="java.vm.specification.name" value="Java Virtual Machine Specification"/>
    <property name="sun.os.patch.level" value=""/>
    <property name="native.encoding" value="Cp1252"/>
    <property name="java.library.path" value="C:\Program Files\Zulu\zulu-17\bin;C:\WINDOWS\Sun\Java\bin;C:\WINDOWS\system32;C:\WINDOWS;C:\Python312\Scripts\;C:\Python312\;C:\Program Files\Zulu\zulu-17\bin\;C:\Program Files\Zulu\zulu-21\bin\;C:\Program Files\Common Files\Oracle\Java\javapath;C:\Program Files (x86)\Common Files\Oracle\Java\java8path;C:\Program Files (x86)\Common Files\Oracle\Java\javapath;C:\WINDOWS\system32;C:\WINDOWS;C:\WINDOWS\System32\Wbem;C:\WINDOWS\System32\WindowsPowerShell\v1.0\;C:\WINDOWS\System32\OpenSSH\;C:\Program Files\Git\cmd;C:\Program Files\NVIDIA Corporation\NVIDIA NvDLISR;C:\Program Files (x86)\NVIDIA Corporation\PhysX\Common;C:\Program Files\Java\jdk-22\bin;C:\Program Files\Java\jdk1.8.0_202\bin;C:\Program Files\apache-maven-3.9.9\bin;C:\Users\reach\AppData\Local\Packages\PythonSoftwareFoundation.Python.3.11_qbz5n2kfra8p0\LocalCache\local-packages\Python311\Scripts;C:\Program Files\nodejs\;C:\ProgramData\chocolatey\bin;C:\Program Files\MySQL\MySQL Shell 8.0\bin\;C:\Users\reach\AppData\Local\Microsoft\WindowsApps;C:\Users\reach\AppData\Local\Programs\Microsoft VS Code\bin;C:\Users\reach\AppData\Local\Microsoft\WinGet\Packages\Schniz.fnm_Microsoft.Winget.Source_8wekyb3d8bbwe;C:\Users\reach\AppData\Roaming\npm;."/>
    <property name="java.vm.info" value="mixed mode, sharing"/>
    <property name="java.vendor" value="Azul Systems, Inc."/>
    <property name="java.vm.version" value="17.0.12+7-LTS"/>
    <property name="sun.io.unicode.encoding" value="UnicodeLittle"/>
    <property name="java.class.version" value="61.0"/>
  </properties>
  <testcase name="testParseColumns_MissingColumnsArray_ThrowsException" classname="edu.rit.croatia.schema2script.model.JsonParserTest" time="0.811">
    <system-out><![CDATA[2024-11-20 16:23:07 [main] ERROR model.parser.JsonParser - Invalid JSON format: Missing or malformed 'columns' array in table: missing_columns_table
]]></system-out>
  </testcase>
  <testcase name="testParseRelationships_EmptyArray_NoException" classname="edu.rit.croatia.schema2script.model.JsonParserTest" time="0.001">
    <system-out><![CDATA[2024-11-20 16:23:07 [main] DEBUG model.parser.JsonParser - Table order has 0 relationships.
]]></system-out>
  </testcase>
  <testcase name="testParseRelationships_MissingRequiredFields_ThrowsException" classname="edu.rit.croatia.schema2script.model.JsonParserTest" time="0.007">
    <system-out><![CDATA[2024-11-20 16:23:07 [main] DEBUG model.parser.JsonParser - Table order has 1 relationships.
2024-11-20 16:23:07 [main] ERROR model.parser.JsonParser - Invalid JSON format: Missing required fields in relationships of table: order
]]></system-out>
  </testcase>
  <testcase name="testParseColumns_MalformedColumnsArray_ThrowsException" classname="edu.rit.croatia.schema2script.model.JsonParserTest" time="0.001">
    <system-out><![CDATA[2024-11-20 16:23:07 [main] ERROR model.parser.JsonParser - Invalid JSON format: Missing or malformed 'columns' array in table: malformed_columns_table
]]></system-out>
  </testcase>
  <testcase name="testParseRelationships_ValidData" classname="edu.rit.croatia.schema2script.model.JsonParserTest" time="0.001">
    <system-out><![CDATA[2024-11-20 16:23:07 [main] DEBUG model.parser.JsonParser - Table order has 1 relationships.
2024-11-20 16:23:07 [main] DEBUG model.parser.JsonParser - Added relationship: one-to-many with table: customer and foreignKey: customer_id to table: order
]]></system-out>
  </testcase>
  <testcase name="testParseColumns_ValidData" classname="edu.rit.croatia.schema2script.model.JsonParserTest" time="0.002">
    <system-out><![CDATA[2024-11-20 16:23:07 [main] DEBUG model.parser.JsonParser - Table valid_table has 2 columns.
2024-11-20 16:23:07 [main] DEBUG model.parser.JsonParser - Added column: id of type: int to table: valid_table
2024-11-20 16:23:07 [main] DEBUG model.parser.JsonParser - Added column: name of type: string to table: valid_table
]]></system-out>
  </testcase>
</testsuite>